Arguments: 
  C:\Program Files\nodejs\node.exe C:\Users\60003800\AppData\Roaming\npm\node_modules\yarn\bin\yarn.js add puppeter

PATH: 
  C:\Program Files\Common Files\Oracle\Java\javapath;C:\Program Files\Common Files\Microsoft Shared\Microsoft Online Services;C:\Program Files (x86)\Common Files\Microsoft Shared\Microsoft Online Services;C:\Program Files (x86)\Common Files\Oracle\Java\javapath;C:\WINDOWS\system32;C:\WINDOWS;C:\WINDOWS\System32\Wbem;C:\WINDOWS\System32\WindowsPowerShell\v1.0\;C:\WINDOWS\System32\OpenSSH\;C:\Program Files\Git\cmd;C:\Program Files\Amazon\AWSCLIV2\;C:\Users\60003800\AppData\Local\Android\Sdk\platform-tools\;C:\Users\60003800\AppData\Roaming\npm;C:\Users\60003800\AppData\Roaming\nvm;C:\Program Files\nodejs;C:\Program Files\PuTTY\;C:\Users\60003800\AppData\Roaming\npm;C:\Users\60003800\AppData\Roaming\nvm;C:\Program Files\nodejs;C:\Users\60003800\AppData\Local\Programs\Microsoft VS Code\bin

Yarn version: 
  1.22.17

Node version: 
  12.13.0

Platform: 
  win32 x64

Trace: 
  Error: https://registry.npmjs.org/puppeter: Not found
      at Request.params.callback [as _callback] (C:\Users\60003800\AppData\Roaming\npm\node_modules\yarn\lib\cli.js:67029:18)
      at Request.self.callback (C:\Users\60003800\AppData\Roaming\npm\node_modules\yarn\lib\cli.js:140883:22)
      at Request.emit (events.js:210:5)
      at Request.<anonymous> (C:\Users\60003800\AppData\Roaming\npm\node_modules\yarn\lib\cli.js:141855:10)
      at Request.emit (events.js:210:5)
      at IncomingMessage.<anonymous> (C:\Users\60003800\AppData\Roaming\npm\node_modules\yarn\lib\cli.js:141777:12)
      at Object.onceWrapper (events.js:299:28)
      at IncomingMessage.emit (events.js:215:7)
      at endReadableNT (_stream_readable.js:1183:12)
      at processTicksAndRejections (internal/process/task_queues.js:80:21)

npm manifest: 
  {
    "name": "termo-player",
    "version": "1.0.0",
    "main": "index.js",
    "license": "MIT"
  }

yarn manifest: 
  No manifest

Lockfile: 
  No lockfile
